<?xml version="1.0" encoding="UTF-8"?>
<!-- Generated by org.testng.reporters.JUnitXMLReporter -->
<testsuite hostname="SONY-VAIO" ignored="0" name="Sprint_1" tests="3" failures="1" timestamp="11 Jan 2018 16:18:38 GMT" time="0.104" errors="0">
  <testcase name="TwitterTest" time="0.026" classname="testNG_Classes.TestCase_3">
    <failure type="java.lang.AssertionError" message="::::::: assertTrue Failed:::::::: expected [true] but found [false]">
      <![CDATA[java.lang.AssertionError: ::::::: assertTrue Failed:::::::: expected [true] but found [false]
	at testNG_Classes.TestCase_3.TwitterTest(TestCase_3.java:17)
... Removed 28 stack frames]]>
    </failure>
  </testcase> <!-- TwitterTest -->
  <testcase name="GmailTest" time="0.002" classname="testNG_Classes.TestCase_2"/>
  <testcase name="FacebookTest" time="0.002" classname="testNG_Classes.TestCase_1"/>
</testsuite> <!-- Sprint_1 -->
